2021-08-24 08:00:54 pid:1 Worker process terminated with ERROR: E_ERROR "Uncaught PDOException: SQL:UPDATE `ws_now_data` SET `is_talking` = :is_talking,`in_queue` = :in_queue,`online_kf` = :online_kf,`success_in` = :success_in,`total_in` = :total_in,`now_date` = :now_date WHERE id=1 SQLSTATE[HY000]: General error: 1366 Incorrect integer value: '' for column 'success_in' at row 1 in D:\WWW\laykefu\vendor\workerman\gateway-worker\src\Lib\DbConnection.php:1766
Stack trace:
#0 D:\WWW\laykefu\vendor\workerman\gateway-worker\src\Lib\DbConnection.php(1824): GatewayWorker\Lib\DbConnection->execute()
#1 D:\WWW\laykefu\vendor\workerman\Config\Events\Events.php(858): GatewayWorker\Lib\DbConnection->query()
#2 D:\WWW\laykefu\vendor\workerman\Config\Events\Events.php(97): Events::writeLog()
#3 D:\WWW\laykefu\vendor\workerman\workerman\Events\Select.php(232): Events::{closure}()
#4 D:\WWW\laykefu\vendor\workerman\workerman\Events\Select.php(281): Workerman\Events\Select->tick()
#5 D:\WWW\laykefu\vendor\workerman\workerman\Worker.php(2430): Workerman\Events\Select->loop()
#6 D:\WWW\laykefu\vendo in D:\WWW\laykefu\vendor\workerman\gateway-worker\src\Lib\DbConnection.php on line 1766"
2021-08-24 13:46:00 pid:1 PDOException: SQL:DELETE FROM `ws_service_log` WHERE user_id AND kf_id AND group_id AND end_time SQLSTATE[22007]: Invalid datetime format: 1292 Truncated incorrect DOUBLE value: 'cuibin' in D:\WWW\laykefu\vendor\workerman\gateway-worker\src\Lib\DbConnection.php:1766
Stack trace:
#0 D:\WWW\laykefu\vendor\workerman\gateway-worker\src\Lib\DbConnection.php(1824): GatewayWorker\Lib\DbConnection->execute()
#1 D:\WWW\laykefu\vendor\workerman\Config\Events\Events.php(693): GatewayWorker\Lib\DbConnection->query()
#2 D:\WWW\laykefu\vendor\workerman\Config\Events\Events.php(222): Events::userOnlineTask()
#3 [internal function]: Events::onMessage()
#4 D:\WWW\laykefu\vendor\workerman\gateway-worker\src\BusinessWorker.php(408): call_user_func()
#5 D:\WWW\laykefu\vendor\workerman\workerman\Connection\TcpConnection.php(637): GatewayWorker\BusinessWorker->onGatewayMessage()
#6 D:\WWW\laykefu\vendor\workerman\workerman\Events\Select.php(293): Workerman\Connection\TcpConnection->baseRead()
#7 D:\WWW\laykefu\vendor\workerman\workerman\Worker.php(2430): Workerman\Events\Select->loop()
#8 D:\WWW\laykefu\vendor\workerman\gateway-worker\src\BusinessWorker.php(197): Workerman\Worker->run()
#9 D:\WWW\laykefu\vendor\workerman\workerman\Worker.php(1417): GatewayWorker\BusinessWorker->run()
#10 D:\WWW\laykefu\vendor\workerman\workerman\Worker.php(1360): Workerman\Worker::forkWorkersForWindows()
#11 D:\WWW\laykefu\vendor\workerman\workerman\Worker.php(542): Workerman\Worker::forkWorkers()
#12 D:\WWW\laykefu\vendor\workerman\Config\Events\start_businessworker.php(19): Workerman\Worker::runAll()
#13 {main}
2021-08-24 13:46:00 pid:1 Worker process terminated
2021-08-24 13:46:33 pid:1 PDOException: SQL:DELETE FROM `ws_service_log` WHERE user_id AND kf_id AND group_id AND end_time SQLSTATE[22007]: Invalid datetime format: 1292 Truncated incorrect DOUBLE value: 'cuibin' in D:\WWW\laykefu\vendor\workerman\gateway-worker\src\Lib\DbConnection.php:1766
Stack trace:
#0 D:\WWW\laykefu\vendor\workerman\gateway-worker\src\Lib\DbConnection.php(1824): GatewayWorker\Lib\DbConnection->execute()
#1 D:\WWW\laykefu\vendor\workerman\Config\Events\Events.php(693): GatewayWorker\Lib\DbConnection->query()
#2 D:\WWW\laykefu\vendor\workerman\Config\Events\Events.php(222): Events::userOnlineTask()
#3 [internal function]: Events::onMessage()
#4 D:\WWW\laykefu\vendor\workerman\gateway-worker\src\BusinessWorker.php(408): call_user_func()
#5 D:\WWW\laykefu\vendor\workerman\workerman\Connection\TcpConnection.php(637): GatewayWorker\BusinessWorker->onGatewayMessage()
#6 D:\WWW\laykefu\vendor\workerman\workerman\Events\Select.php(293): Workerman\Connection\TcpConnection->baseRead()
#7 D:\WWW\laykefu\vendor\workerman\workerman\Worker.php(2430): Workerman\Events\Select->loop()
#8 D:\WWW\laykefu\vendor\workerman\gateway-worker\src\BusinessWorker.php(197): Workerman\Worker->run()
#9 D:\WWW\laykefu\vendor\workerman\workerman\Worker.php(1417): GatewayWorker\BusinessWorker->run()
#10 D:\WWW\laykefu\vendor\workerman\workerman\Worker.php(1360): Workerman\Worker::forkWorkersForWindows()
#11 D:\WWW\laykefu\vendor\workerman\workerman\Worker.php(542): Workerman\Worker::forkWorkers()
#12 D:\WWW\laykefu\vendor\workerman\Config\Events\start_businessworker.php(19): Workerman\Worker::runAll()
#13 {main}
2021-08-24 13:46:33 pid:1 Worker process terminated
2021-08-24 13:47:14 pid:1 PDOException: SQL:DELETE FROM `ws_service_log` WHERE user_id AND kf_id AND group_id AND end_time SQLSTATE[22007]: Invalid datetime format: 1292 Truncated incorrect DOUBLE value: 'cuibin' in D:\WWW\laykefu\vendor\workerman\gateway-worker\src\Lib\DbConnection.php:1766
Stack trace:
#0 D:\WWW\laykefu\vendor\workerman\gateway-worker\src\Lib\DbConnection.php(1824): GatewayWorker\Lib\DbConnection->execute()
#1 D:\WWW\laykefu\vendor\workerman\Config\Events\Events.php(693): GatewayWorker\Lib\DbConnection->query()
#2 D:\WWW\laykefu\vendor\workerman\Config\Events\Events.php(222): Events::userOnlineTask()
#3 [internal function]: Events::onMessage()
#4 D:\WWW\laykefu\vendor\workerman\gateway-worker\src\BusinessWorker.php(408): call_user_func()
#5 D:\WWW\laykefu\vendor\workerman\workerman\Connection\TcpConnection.php(637): GatewayWorker\BusinessWorker->onGatewayMessage()
#6 D:\WWW\laykefu\vendor\workerman\workerman\Events\Select.php(293): Workerman\Connection\TcpConnection->baseRead()
#7 D:\WWW\laykefu\vendor\workerman\workerman\Worker.php(2430): Workerman\Events\Select->loop()
#8 D:\WWW\laykefu\vendor\workerman\gateway-worker\src\BusinessWorker.php(197): Workerman\Worker->run()
#9 D:\WWW\laykefu\vendor\workerman\workerman\Worker.php(1417): GatewayWorker\BusinessWorker->run()
#10 D:\WWW\laykefu\vendor\workerman\workerman\Worker.php(1360): Workerman\Worker::forkWorkersForWindows()
#11 D:\WWW\laykefu\vendor\workerman\workerman\Worker.php(542): Workerman\Worker::forkWorkers()
#12 D:\WWW\laykefu\vendor\workerman\Config\Events\start_businessworker.php(19): Workerman\Worker::runAll()
#13 {main}
2021-08-24 13:47:14 pid:1 Worker process terminated
2021-08-24 13:47:20 pid:1 PDOException: SQL:DELETE FROM `ws_service_log` WHERE user_id AND kf_id AND group_id AND end_time SQLSTATE[22007]: Invalid datetime format: 1292 Truncated incorrect DOUBLE value: 'cuibin' in D:\WWW\laykefu\vendor\workerman\gateway-worker\src\Lib\DbConnection.php:1766
Stack trace:
#0 D:\WWW\laykefu\vendor\workerman\gateway-worker\src\Lib\DbConnection.php(1824): GatewayWorker\Lib\DbConnection->execute()
#1 D:\WWW\laykefu\vendor\workerman\Config\Events\Events.php(693): GatewayWorker\Lib\DbConnection->query()
#2 D:\WWW\laykefu\vendor\workerman\Config\Events\Events.php(222): Events::userOnlineTask()
#3 [internal function]: Events::onMessage()
#4 D:\WWW\laykefu\vendor\workerman\gateway-worker\src\BusinessWorker.php(408): call_user_func()
#5 D:\WWW\laykefu\vendor\workerman\workerman\Connection\TcpConnection.php(637): GatewayWorker\BusinessWorker->onGatewayMessage()
#6 D:\WWW\laykefu\vendor\workerman\workerman\Events\Select.php(293): Workerman\Connection\TcpConnection->baseRead()
#7 D:\WWW\laykefu\vendor\workerman\workerman\Worker.php(2430): Workerman\Events\Select->loop()
#8 D:\WWW\laykefu\vendor\workerman\gateway-worker\src\BusinessWorker.php(197): Workerman\Worker->run()
#9 D:\WWW\laykefu\vendor\workerman\workerman\Worker.php(1417): GatewayWorker\BusinessWorker->run()
#10 D:\WWW\laykefu\vendor\workerman\workerman\Worker.php(1360): Workerman\Worker::forkWorkersForWindows()
#11 D:\WWW\laykefu\vendor\workerman\workerman\Worker.php(542): Workerman\Worker::forkWorkers()
#12 D:\WWW\laykefu\vendor\workerman\Config\Events\start_businessworker.php(19): Workerman\Worker::runAll()
#13 {main}
2021-08-24 13:47:20 pid:1 Worker process terminated
2021-08-24 13:48:36 pid:1 PDOException: SQL:DELETE FROM `ws_service_log` WHERE user_id AND kf_id AND group_id AND end_time SQLSTATE[22007]: Invalid datetime format: 1292 Truncated incorrect DOUBLE value: 'cuibin' in D:\WWW\laykefu\vendor\workerman\gateway-worker\src\Lib\DbConnection.php:1766
Stack trace:
#0 D:\WWW\laykefu\vendor\workerman\gateway-worker\src\Lib\DbConnection.php(1824): GatewayWorker\Lib\DbConnection->execute()
#1 D:\WWW\laykefu\vendor\workerman\Config\Events\Events.php(693): GatewayWorker\Lib\DbConnection->query()
#2 D:\WWW\laykefu\vendor\workerman\Config\Events\Events.php(222): Events::userOnlineTask()
#3 [internal function]: Events::onMessage()
#4 D:\WWW\laykefu\vendor\workerman\gateway-worker\src\BusinessWorker.php(408): call_user_func()
#5 D:\WWW\laykefu\vendor\workerman\workerman\Connection\TcpConnection.php(637): GatewayWorker\BusinessWorker->onGatewayMessage()
#6 D:\WWW\laykefu\vendor\workerman\workerman\Events\Select.php(293): Workerman\Connection\TcpConnection->baseRead()
#7 D:\WWW\laykefu\vendor\workerman\workerman\Worker.php(2430): Workerman\Events\Select->loop()
#8 D:\WWW\laykefu\vendor\workerman\gateway-worker\src\BusinessWorker.php(197): Workerman\Worker->run()
#9 D:\WWW\laykefu\vendor\workerman\workerman\Worker.php(1417): GatewayWorker\BusinessWorker->run()
#10 D:\WWW\laykefu\vendor\workerman\workerman\Worker.php(1360): Workerman\Worker::forkWorkersForWindows()
#11 D:\WWW\laykefu\vendor\workerman\workerman\Worker.php(542): Workerman\Worker::forkWorkers()
#12 D:\WWW\laykefu\vendor\workerman\Config\Events\start_businessworker.php(19): Workerman\Worker::runAll()
#13 {main}
2021-08-24 13:48:36 pid:1 Worker process terminated
2021-08-24 13:48:46 pid:1 PDOException: SQL:DELETE FROM `ws_service_log` WHERE user_id AND kf_id AND group_id AND end_time SQLSTATE[22007]: Invalid datetime format: 1292 Truncated incorrect DOUBLE value: 'cuibin' in D:\WWW\laykefu\vendor\workerman\gateway-worker\src\Lib\DbConnection.php:1766
Stack trace:
#0 D:\WWW\laykefu\vendor\workerman\gateway-worker\src\Lib\DbConnection.php(1824): GatewayWorker\Lib\DbConnection->execute()
#1 D:\WWW\laykefu\vendor\workerman\Config\Events\Events.php(693): GatewayWorker\Lib\DbConnection->query()
#2 D:\WWW\laykefu\vendor\workerman\Config\Events\Events.php(222): Events::userOnlineTask()
#3 [internal function]: Events::onMessage()
#4 D:\WWW\laykefu\vendor\workerman\gateway-worker\src\BusinessWorker.php(408): call_user_func()
#5 D:\WWW\laykefu\vendor\workerman\workerman\Connection\TcpConnection.php(637): GatewayWorker\BusinessWorker->onGatewayMessage()
#6 D:\WWW\laykefu\vendor\workerman\workerman\Events\Select.php(293): Workerman\Connection\TcpConnection->baseRead()
#7 D:\WWW\laykefu\vendor\workerman\workerman\Worker.php(2430): Workerman\Events\Select->loop()
#8 D:\WWW\laykefu\vendor\workerman\gateway-worker\src\BusinessWorker.php(197): Workerman\Worker->run()
#9 D:\WWW\laykefu\vendor\workerman\workerman\Worker.php(1417): GatewayWorker\BusinessWorker->run()
#10 D:\WWW\laykefu\vendor\workerman\workerman\Worker.php(1360): Workerman\Worker::forkWorkersForWindows()
#11 D:\WWW\laykefu\vendor\workerman\workerman\Worker.php(542): Workerman\Worker::forkWorkers()
#12 D:\WWW\laykefu\vendor\workerman\Config\Events\start_businessworker.php(19): Workerman\Worker::runAll()
#13 {main}
2021-08-24 13:48:46 pid:1 Worker process terminated
2021-08-24 13:49:01 pid:1 PDOException: SQL:DELETE FROM `ws_service_log` WHERE user_id AND kf_id AND group_id AND end_time SQLSTATE[22007]: Invalid datetime format: 1292 Truncated incorrect DOUBLE value: 'cuibin' in D:\WWW\laykefu\vendor\workerman\gateway-worker\src\Lib\DbConnection.php:1766
Stack trace:
#0 D:\WWW\laykefu\vendor\workerman\gateway-worker\src\Lib\DbConnection.php(1824): GatewayWorker\Lib\DbConnection->execute()
#1 D:\WWW\laykefu\vendor\workerman\Config\Events\Events.php(693): GatewayWorker\Lib\DbConnection->query()
#2 D:\WWW\laykefu\vendor\workerman\Config\Events\Events.php(222): Events::userOnlineTask()
#3 [internal function]: Events::onMessage()
#4 D:\WWW\laykefu\vendor\workerman\gateway-worker\src\BusinessWorker.php(408): call_user_func()
#5 D:\WWW\laykefu\vendor\workerman\workerman\Connection\TcpConnection.php(637): GatewayWorker\BusinessWorker->onGatewayMessage()
#6 D:\WWW\laykefu\vendor\workerman\workerman\Events\Select.php(293): Workerman\Connection\TcpConnection->baseRead()
#7 D:\WWW\laykefu\vendor\workerman\workerman\Worker.php(2430): Workerman\Events\Select->loop()
#8 D:\WWW\laykefu\vendor\workerman\gateway-worker\src\BusinessWorker.php(197): Workerman\Worker->run()
#9 D:\WWW\laykefu\vendor\workerman\workerman\Worker.php(1417): GatewayWorker\BusinessWorker->run()
#10 D:\WWW\laykefu\vendor\workerman\workerman\Worker.php(1360): Workerman\Worker::forkWorkersForWindows()
#11 D:\WWW\laykefu\vendor\workerman\workerman\Worker.php(542): Workerman\Worker::forkWorkers()
#12 D:\WWW\laykefu\vendor\workerman\Config\Events\start_businessworker.php(19): Workerman\Worker::runAll()
#13 {main}
2021-08-24 13:49:01 pid:1 Worker process terminated
2021-08-24 14:05:50 pid:1 PDOException: SQL:DELETE FROM `ws_service_log` WHERE user_id AND kf_id AND group_id AND end_time SQLSTATE[22007]: Invalid datetime format: 1292 Truncated incorrect DOUBLE value: 'cuibin' in D:\WWW\laykefu\vendor\workerman\gateway-worker\src\Lib\DbConnection.php:1766
Stack trace:
#0 D:\WWW\laykefu\vendor\workerman\gateway-worker\src\Lib\DbConnection.php(1824): GatewayWorker\Lib\DbConnection->execute()
#1 D:\WWW\laykefu\vendor\workerman\Config\Events\Events.php(693): GatewayWorker\Lib\DbConnection->query()
#2 D:\WWW\laykefu\vendor\workerman\Config\Events\Events.php(222): Events::userOnlineTask()
#3 [internal function]: Events::onMessage()
#4 D:\WWW\laykefu\vendor\workerman\gateway-worker\src\BusinessWorker.php(408): call_user_func()
#5 D:\WWW\laykefu\vendor\workerman\workerman\Connection\TcpConnection.php(637): GatewayWorker\BusinessWorker->onGatewayMessage()
#6 D:\WWW\laykefu\vendor\workerman\workerman\Events\Select.php(293): Workerman\Connection\TcpConnection->baseRead()
#7 D:\WWW\laykefu\vendor\workerman\workerman\Worker.php(2430): Workerman\Events\Select->loop()
#8 D:\WWW\laykefu\vendor\workerman\gateway-worker\src\BusinessWorker.php(197): Workerman\Worker->run()
#9 D:\WWW\laykefu\vendor\workerman\workerman\Worker.php(1417): GatewayWorker\BusinessWorker->run()
#10 D:\WWW\laykefu\vendor\workerman\workerman\Worker.php(1360): Workerman\Worker::forkWorkersForWindows()
#11 D:\WWW\laykefu\vendor\workerman\workerman\Worker.php(542): Workerman\Worker::forkWorkers()
#12 D:\WWW\laykefu\vendor\workerman\Config\Events\start_businessworker.php(19): Workerman\Worker::runAll()
#13 {main}
2021-08-24 14:05:50 pid:1 Worker process terminated
2021-08-24 14:05:51 pid:1 SendBufferToWorker fail. The connections between Gateway and BusinessWorker are not ready. See http://doc2.workerman.net/send-buffer-to-worker-fail.html
2021-08-24 14:05:51 pid:1 SendBufferToWorker fail. The connections between Gateway and BusinessWorker are not ready. See http://doc2.workerman.net/send-buffer-to-worker-fail.html
2021-08-24 14:05:52 pid:1 PDOException: SQL:DELETE FROM `ws_service_log` WHERE user_id AND kf_id AND group_id AND end_time SQLSTATE[22007]: Invalid datetime format: 1292 Truncated incorrect DOUBLE value: 'cuibin' in D:\WWW\laykefu\vendor\workerman\gateway-worker\src\Lib\DbConnection.php:1766
Stack trace:
#0 D:\WWW\laykefu\vendor\workerman\gateway-worker\src\Lib\DbConnection.php(1824): GatewayWorker\Lib\DbConnection->execute()
#1 D:\WWW\laykefu\vendor\workerman\Config\Events\Events.php(693): GatewayWorker\Lib\DbConnection->query()
#2 D:\WWW\laykefu\vendor\workerman\Config\Events\Events.php(222): Events::userOnlineTask()
#3 [internal function]: Events::onMessage()
#4 D:\WWW\laykefu\vendor\workerman\gateway-worker\src\BusinessWorker.php(408): call_user_func()
#5 D:\WWW\laykefu\vendor\workerman\workerman\Connection\TcpConnection.php(637): GatewayWorker\BusinessWorker->onGatewayMessage()
#6 D:\WWW\laykefu\vendor\workerman\workerman\Events\Select.php(293): Workerman\Connection\TcpConnection->baseRead()
#7 D:\WWW\laykefu\vendor\workerman\workerman\Worker.php(2430): Workerman\Events\Select->loop()
#8 D:\WWW\laykefu\vendor\workerman\gateway-worker\src\BusinessWorker.php(197): Workerman\Worker->run()
#9 D:\WWW\laykefu\vendor\workerman\workerman\Worker.php(1417): GatewayWorker\BusinessWorker->run()
#10 D:\WWW\laykefu\vendor\workerman\workerman\Worker.php(1360): Workerman\Worker::forkWorkersForWindows()
#11 D:\WWW\laykefu\vendor\workerman\workerman\Worker.php(542): Workerman\Worker::forkWorkers()
#12 D:\WWW\laykefu\vendor\workerman\Config\Events\start_businessworker.php(19): Workerman\Worker::runAll()
#13 {main}
2021-08-24 14:05:52 pid:1 Worker process terminated
2021-08-24 14:06:19 pid:1 PDOException: SQL:DELETE FROM `ws_service_log` WHERE user_id AND kf_id AND group_id AND end_time SQLSTATE[22007]: Invalid datetime format: 1292 Truncated incorrect DOUBLE value: 'cuibin' in D:\WWW\laykefu\vendor\workerman\gateway-worker\src\Lib\DbConnection.php:1766
Stack trace:
#0 D:\WWW\laykefu\vendor\workerman\gateway-worker\src\Lib\DbConnection.php(1824): GatewayWorker\Lib\DbConnection->execute()
#1 D:\WWW\laykefu\vendor\workerman\Config\Events\Events.php(693): GatewayWorker\Lib\DbConnection->query()
#2 D:\WWW\laykefu\vendor\workerman\Config\Events\Events.php(222): Events::userOnlineTask()
#3 [internal function]: Events::onMessage()
#4 D:\WWW\laykefu\vendor\workerman\gateway-worker\src\BusinessWorker.php(408): call_user_func()
#5 D:\WWW\laykefu\vendor\workerman\workerman\Connection\TcpConnection.php(637): GatewayWorker\BusinessWorker->onGatewayMessage()
#6 D:\WWW\laykefu\vendor\workerman\workerman\Events\Select.php(293): Workerman\Connection\TcpConnection->baseRead()
#7 D:\WWW\laykefu\vendor\workerman\workerman\Worker.php(2430): Workerman\Events\Select->loop()
#8 D:\WWW\laykefu\vendor\workerman\gateway-worker\src\BusinessWorker.php(197): Workerman\Worker->run()
#9 D:\WWW\laykefu\vendor\workerman\workerman\Worker.php(1417): GatewayWorker\BusinessWorker->run()
#10 D:\WWW\laykefu\vendor\workerman\workerman\Worker.php(1360): Workerman\Worker::forkWorkersForWindows()
#11 D:\WWW\laykefu\vendor\workerman\workerman\Worker.php(542): Workerman\Worker::forkWorkers()
#12 D:\WWW\laykefu\vendor\workerman\Config\Events\start_businessworker.php(19): Workerman\Worker::runAll()
#13 {main}
2021-08-24 14:06:19 pid:1 Worker process terminated
2021-08-24 14:24:31 pid:1 PDOException: SQL:DELETE FROM `ws_service_log` WHERE user_id AND kf_id AND group_id AND end_time SQLSTATE[22007]: Invalid datetime format: 1292 Truncated incorrect DOUBLE value: 'cuibin' in D:\WWW\laykefu\vendor\workerman\gateway-worker\src\Lib\DbConnection.php:1766
Stack trace:
#0 D:\WWW\laykefu\vendor\workerman\gateway-worker\src\Lib\DbConnection.php(1824): GatewayWorker\Lib\DbConnection->execute()
#1 D:\WWW\laykefu\vendor\workerman\Config\Events\Events.php(693): GatewayWorker\Lib\DbConnection->query()
#2 D:\WWW\laykefu\vendor\workerman\Config\Events\Events.php(222): Events::userOnlineTask()
#3 [internal function]: Events::onMessage()
#4 D:\WWW\laykefu\vendor\workerman\gateway-worker\src\BusinessWorker.php(408): call_user_func()
#5 D:\WWW\laykefu\vendor\workerman\workerman\Connection\TcpConnection.php(637): GatewayWorker\BusinessWorker->onGatewayMessage()
#6 D:\WWW\laykefu\vendor\workerman\workerman\Events\Select.php(293): Workerman\Connection\TcpConnection->baseRead()
#7 D:\WWW\laykefu\vendor\workerman\workerman\Worker.php(2430): Workerman\Events\Select->loop()
#8 D:\WWW\laykefu\vendor\workerman\gateway-worker\src\BusinessWorker.php(197): Workerman\Worker->run()
#9 D:\WWW\laykefu\vendor\workerman\workerman\Worker.php(1417): GatewayWorker\BusinessWorker->run()
#10 D:\WWW\laykefu\vendor\workerman\workerman\Worker.php(1360): Workerman\Worker::forkWorkersForWindows()
#11 D:\WWW\laykefu\vendor\workerman\workerman\Worker.php(542): Workerman\Worker::forkWorkers()
#12 D:\WWW\laykefu\vendor\workerman\Config\Events\start_businessworker.php(19): Workerman\Worker::runAll()
#13 {main}
2021-08-24 14:24:31 pid:1 Worker process terminated
2021-08-24 14:33:28 pid:1 PDOException: SQL:DELETE FROM `ws_service_log` WHERE user_id AND kf_id AND group_id AND end_time SQLSTATE[22007]: Invalid datetime format: 1292 Truncated incorrect DOUBLE value: 'cuibin' in D:\WWW\laykefu\vendor\workerman\gateway-worker\src\Lib\DbConnection.php:1766
Stack trace:
#0 D:\WWW\laykefu\vendor\workerman\gateway-worker\src\Lib\DbConnection.php(1824): GatewayWorker\Lib\DbConnection->execute()
#1 D:\WWW\laykefu\vendor\workerman\Config\Events\Events.php(693): GatewayWorker\Lib\DbConnection->query()
#2 D:\WWW\laykefu\vendor\workerman\Config\Events\Events.php(222): Events::userOnlineTask()
#3 [internal function]: Events::onMessage()
#4 D:\WWW\laykefu\vendor\workerman\gateway-worker\src\BusinessWorker.php(408): call_user_func()
#5 D:\WWW\laykefu\vendor\workerman\workerman\Connection\TcpConnection.php(637): GatewayWorker\BusinessWorker->onGatewayMessage()
#6 D:\WWW\laykefu\vendor\workerman\workerman\Events\Select.php(293): Workerman\Connection\TcpConnection->baseRead()
#7 D:\WWW\laykefu\vendor\workerman\workerman\Worker.php(2430): Workerman\Events\Select->loop()
#8 D:\WWW\laykefu\vendor\workerman\gateway-worker\src\BusinessWorker.php(197): Workerman\Worker->run()
#9 D:\WWW\laykefu\vendor\workerman\workerman\Worker.php(1417): GatewayWorker\BusinessWorker->run()
#10 D:\WWW\laykefu\vendor\workerman\workerman\Worker.php(1360): Workerman\Worker::forkWorkersForWindows()
#11 D:\WWW\laykefu\vendor\workerman\workerman\Worker.php(542): Workerman\Worker::forkWorkers()
#12 D:\WWW\laykefu\vendor\workerman\Config\Events\start_businessworker.php(19): Workerman\Worker::runAll()
#13 {main}
2021-08-24 14:33:28 pid:1 Worker process terminated
2021-08-24 14:49:41 pid:1 PDOException: SQL:DELETE FROM `ws_service_log` WHERE user_id AND kf_id AND group_id AND end_time SQLSTATE[22007]: Invalid datetime format: 1292 Truncated incorrect DOUBLE value: 'cuibin' in D:\WWW\laykefu\vendor\workerman\gateway-worker\src\Lib\DbConnection.php:1766
Stack trace:
#0 D:\WWW\laykefu\vendor\workerman\gateway-worker\src\Lib\DbConnection.php(1824): GatewayWorker\Lib\DbConnection->execute()
#1 D:\WWW\laykefu\vendor\workerman\Config\Events\Events.php(693): GatewayWorker\Lib\DbConnection->query()
#2 D:\WWW\laykefu\vendor\workerman\Config\Events\Events.php(222): Events::userOnlineTask()
#3 [internal function]: Events::onMessage()
#4 D:\WWW\laykefu\vendor\workerman\gateway-worker\src\BusinessWorker.php(408): call_user_func()
#5 D:\WWW\laykefu\vendor\workerman\workerman\Connection\TcpConnection.php(637): GatewayWorker\BusinessWorker->onGatewayMessage()
#6 D:\WWW\laykefu\vendor\workerman\workerman\Events\Select.php(293): Workerman\Connection\TcpConnection->baseRead()
#7 D:\WWW\laykefu\vendor\workerman\workerman\Worker.php(2430): Workerman\Events\Select->loop()
#8 D:\WWW\laykefu\vendor\workerman\gateway-worker\src\BusinessWorker.php(197): Workerman\Worker->run()
#9 D:\WWW\laykefu\vendor\workerman\workerman\Worker.php(1417): GatewayWorker\BusinessWorker->run()
#10 D:\WWW\laykefu\vendor\workerman\workerman\Worker.php(1360): Workerman\Worker::forkWorkersForWindows()
#11 D:\WWW\laykefu\vendor\workerman\workerman\Worker.php(542): Workerman\Worker::forkWorkers()
#12 D:\WWW\laykefu\vendor\workerman\Config\Events\start_businessworker.php(19): Workerman\Worker::runAll()
#13 {main}
2021-08-24 14:49:41 pid:1 Worker process terminated
2021-08-24 14:50:05 pid:1 PDOException: SQL:DELETE FROM `ws_service_log` WHERE user_id AND kf_id AND group_id AND end_time SQLSTATE[22007]: Invalid datetime format: 1292 Truncated incorrect DOUBLE value: 'cuibin' in D:\WWW\laykefu\vendor\workerman\gateway-worker\src\Lib\DbConnection.php:1766
Stack trace:
#0 D:\WWW\laykefu\vendor\workerman\gateway-worker\src\Lib\DbConnection.php(1824): GatewayWorker\Lib\DbConnection->execute()
#1 D:\WWW\laykefu\vendor\workerman\Config\Events\Events.php(693): GatewayWorker\Lib\DbConnection->query()
#2 D:\WWW\laykefu\vendor\workerman\Config\Events\Events.php(222): Events::userOnlineTask()
#3 [internal function]: Events::onMessage()
#4 D:\WWW\laykefu\vendor\workerman\gateway-worker\src\BusinessWorker.php(408): call_user_func()
#5 D:\WWW\laykefu\vendor\workerman\workerman\Connection\TcpConnection.php(637): GatewayWorker\BusinessWorker->onGatewayMessage()
#6 D:\WWW\laykefu\vendor\workerman\workerman\Events\Select.php(293): Workerman\Connection\TcpConnection->baseRead()
#7 D:\WWW\laykefu\vendor\workerman\workerman\Worker.php(2430): Workerman\Events\Select->loop()
#8 D:\WWW\laykefu\vendor\workerman\gateway-worker\src\BusinessWorker.php(197): Workerman\Worker->run()
#9 D:\WWW\laykefu\vendor\workerman\workerman\Worker.php(1417): GatewayWorker\BusinessWorker->run()
#10 D:\WWW\laykefu\vendor\workerman\workerman\Worker.php(1360): Workerman\Worker::forkWorkersForWindows()
#11 D:\WWW\laykefu\vendor\workerman\workerman\Worker.php(542): Workerman\Worker::forkWorkers()
#12 D:\WWW\laykefu\vendor\workerman\Config\Events\start_businessworker.php(19): Workerman\Worker::runAll()
#13 {main}
2021-08-24 14:50:05 pid:1 Worker process terminated
2021-08-24 14:52:13 pid:1 PDOException: SQL:DELETE FROM `ws_service_log` WHERE user_id AND kf_id AND group_id AND end_time SQLSTATE[22007]: Invalid datetime format: 1292 Truncated incorrect DOUBLE value: 'cuibin' in D:\WWW\laykefu\vendor\workerman\gateway-worker\src\Lib\DbConnection.php:1766
Stack trace:
#0 D:\WWW\laykefu\vendor\workerman\gateway-worker\src\Lib\DbConnection.php(1824): GatewayWorker\Lib\DbConnection->execute()
#1 D:\WWW\laykefu\vendor\workerman\Config\Events\Events.php(693): GatewayWorker\Lib\DbConnection->query()
#2 D:\WWW\laykefu\vendor\workerman\Config\Events\Events.php(222): Events::userOnlineTask()
#3 [internal function]: Events::onMessage()
#4 D:\WWW\laykefu\vendor\workerman\gateway-worker\src\BusinessWorker.php(408): call_user_func()
#5 D:\WWW\laykefu\vendor\workerman\workerman\Connection\TcpConnection.php(637): GatewayWorker\BusinessWorker->onGatewayMessage()
#6 D:\WWW\laykefu\vendor\workerman\workerman\Events\Select.php(293): Workerman\Connection\TcpConnection->baseRead()
#7 D:\WWW\laykefu\vendor\workerman\workerman\Worker.php(2430): Workerman\Events\Select->loop()
#8 D:\WWW\laykefu\vendor\workerman\gateway-worker\src\BusinessWorker.php(197): Workerman\Worker->run()
#9 D:\WWW\laykefu\vendor\workerman\workerman\Worker.php(1417): GatewayWorker\BusinessWorker->run()
#10 D:\WWW\laykefu\vendor\workerman\workerman\Worker.php(1360): Workerman\Worker::forkWorkersForWindows()
#11 D:\WWW\laykefu\vendor\workerman\workerman\Worker.php(542): Workerman\Worker::forkWorkers()
#12 D:\WWW\laykefu\vendor\workerman\Config\Events\start_businessworker.php(19): Workerman\Worker::runAll()
#13 {main}
2021-08-24 14:52:13 pid:1 Worker process terminated
2021-08-24 14:52:26 pid:1 PDOException: SQL:DELETE FROM `ws_service_log` WHERE user_id AND kf_id AND group_id AND end_time SQLSTATE[22007]: Invalid datetime format: 1292 Truncated incorrect DOUBLE value: 'cuibin' in D:\WWW\laykefu\vendor\workerman\gateway-worker\src\Lib\DbConnection.php:1766
Stack trace:
#0 D:\WWW\laykefu\vendor\workerman\gateway-worker\src\Lib\DbConnection.php(1824): GatewayWorker\Lib\DbConnection->execute()
#1 D:\WWW\laykefu\vendor\workerman\Config\Events\Events.php(693): GatewayWorker\Lib\DbConnection->query()
#2 D:\WWW\laykefu\vendor\workerman\Config\Events\Events.php(222): Events::userOnlineTask()
#3 [internal function]: Events::onMessage()
#4 D:\WWW\laykefu\vendor\workerman\gateway-worker\src\BusinessWorker.php(408): call_user_func()
#5 D:\WWW\laykefu\vendor\workerman\workerman\Connection\TcpConnection.php(637): GatewayWorker\BusinessWorker->onGatewayMessage()
#6 D:\WWW\laykefu\vendor\workerman\workerman\Events\Select.php(293): Workerman\Connection\TcpConnection->baseRead()
#7 D:\WWW\laykefu\vendor\workerman\workerman\Worker.php(2430): Workerman\Events\Select->loop()
#8 D:\WWW\laykefu\vendor\workerman\gateway-worker\src\BusinessWorker.php(197): Workerman\Worker->run()
#9 D:\WWW\laykefu\vendor\workerman\workerman\Worker.php(1417): GatewayWorker\BusinessWorker->run()
#10 D:\WWW\laykefu\vendor\workerman\workerman\Worker.php(1360): Workerman\Worker::forkWorkersForWindows()
#11 D:\WWW\laykefu\vendor\workerman\workerman\Worker.php(542): Workerman\Worker::forkWorkers()
#12 D:\WWW\laykefu\vendor\workerman\Config\Events\start_businessworker.php(19): Workerman\Worker::runAll()
#13 {main}
2021-08-24 14:52:26 pid:1 Worker process terminated
2021-08-24 14:54:14 pid:1 PDOException: SQL:DELETE FROM `ws_service_log` WHERE user_id AND kf_id AND group_id AND end_time SQLSTATE[22007]: Invalid datetime format: 1292 Truncated incorrect DOUBLE value: 'cuibin' in D:\WWW\laykefu\vendor\workerman\gateway-worker\src\Lib\DbConnection.php:1766
Stack trace:
#0 D:\WWW\laykefu\vendor\workerman\gateway-worker\src\Lib\DbConnection.php(1824): GatewayWorker\Lib\DbConnection->execute()
#1 D:\WWW\laykefu\vendor\workerman\Config\Events\Events.php(693): GatewayWorker\Lib\DbConnection->query()
#2 D:\WWW\laykefu\vendor\workerman\Config\Events\Events.php(222): Events::userOnlineTask()
#3 [internal function]: Events::onMessage()
#4 D:\WWW\laykefu\vendor\workerman\gateway-worker\src\BusinessWorker.php(408): call_user_func()
#5 D:\WWW\laykefu\vendor\workerman\workerman\Connection\TcpConnection.php(637): GatewayWorker\BusinessWorker->onGatewayMessage()
#6 D:\WWW\laykefu\vendor\workerman\workerman\Events\Select.php(293): Workerman\Connection\TcpConnection->baseRead()
#7 D:\WWW\laykefu\vendor\workerman\workerman\Worker.php(2430): Workerman\Events\Select->loop()
#8 D:\WWW\laykefu\vendor\workerman\gateway-worker\src\BusinessWorker.php(197): Workerman\Worker->run()
#9 D:\WWW\laykefu\vendor\workerman\workerman\Worker.php(1417): GatewayWorker\BusinessWorker->run()
#10 D:\WWW\laykefu\vendor\workerman\workerman\Worker.php(1360): Workerman\Worker::forkWorkersForWindows()
#11 D:\WWW\laykefu\vendor\workerman\workerman\Worker.php(542): Workerman\Worker::forkWorkers()
#12 D:\WWW\laykefu\vendor\workerman\Config\Events\start_businessworker.php(19): Workerman\Worker::runAll()
#13 {main}
2021-08-24 14:54:14 pid:1 Worker process terminated
2021-08-24 14:54:48 pid:1 PDOException: SQL:DELETE FROM `ws_service_log` WHERE user_id AND kf_id AND group_id AND end_time SQLSTATE[22007]: Invalid datetime format: 1292 Truncated incorrect DOUBLE value: 'cuibin' in D:\WWW\laykefu\vendor\workerman\gateway-worker\src\Lib\DbConnection.php:1766
Stack trace:
#0 D:\WWW\laykefu\vendor\workerman\gateway-worker\src\Lib\DbConnection.php(1824): GatewayWorker\Lib\DbConnection->execute()
#1 D:\WWW\laykefu\vendor\workerman\Config\Events\Events.php(693): GatewayWorker\Lib\DbConnection->query()
#2 D:\WWW\laykefu\vendor\workerman\Config\Events\Events.php(222): Events::userOnlineTask()
#3 [internal function]: Events::onMessage()
#4 D:\WWW\laykefu\vendor\workerman\gateway-worker\src\BusinessWorker.php(408): call_user_func()
#5 D:\WWW\laykefu\vendor\workerman\workerman\Connection\TcpConnection.php(637): GatewayWorker\BusinessWorker->onGatewayMessage()
#6 D:\WWW\laykefu\vendor\workerman\workerman\Events\Select.php(293): Workerman\Connection\TcpConnection->baseRead()
#7 D:\WWW\laykefu\vendor\workerman\workerman\Worker.php(2430): Workerman\Events\Select->loop()
#8 D:\WWW\laykefu\vendor\workerman\gateway-worker\src\BusinessWorker.php(197): Workerman\Worker->run()
#9 D:\WWW\laykefu\vendor\workerman\workerman\Worker.php(1417): GatewayWorker\BusinessWorker->run()
#10 D:\WWW\laykefu\vendor\workerman\workerman\Worker.php(1360): Workerman\Worker::forkWorkersForWindows()
#11 D:\WWW\laykefu\vendor\workerman\workerman\Worker.php(542): Workerman\Worker::forkWorkers()
#12 D:\WWW\laykefu\vendor\workerman\Config\Events\start_businessworker.php(19): Workerman\Worker::runAll()
#13 {main}
2021-08-24 14:54:48 pid:1 Worker process terminated
2021-08-24 14:55:07 pid:1 PDOException: SQL:DELETE FROM `ws_service_log` WHERE user_id AND kf_id AND group_id AND end_time SQLSTATE[22007]: Invalid datetime format: 1292 Truncated incorrect DOUBLE value: 'cuibin' in D:\WWW\laykefu\vendor\workerman\gateway-worker\src\Lib\DbConnection.php:1766
Stack trace:
#0 D:\WWW\laykefu\vendor\workerman\gateway-worker\src\Lib\DbConnection.php(1824): GatewayWorker\Lib\DbConnection->execute()
#1 D:\WWW\laykefu\vendor\workerman\Config\Events\Events.php(693): GatewayWorker\Lib\DbConnection->query()
#2 D:\WWW\laykefu\vendor\workerman\Config\Events\Events.php(222): Events::userOnlineTask()
#3 [internal function]: Events::onMessage()
#4 D:\WWW\laykefu\vendor\workerman\gateway-worker\src\BusinessWorker.php(408): call_user_func()
#5 D:\WWW\laykefu\vendor\workerman\workerman\Connection\TcpConnection.php(637): GatewayWorker\BusinessWorker->onGatewayMessage()
#6 D:\WWW\laykefu\vendor\workerman\workerman\Events\Select.php(293): Workerman\Connection\TcpConnection->baseRead()
#7 D:\WWW\laykefu\vendor\workerman\workerman\Worker.php(2430): Workerman\Events\Select->loop()
#8 D:\WWW\laykefu\vendor\workerman\gateway-worker\src\BusinessWorker.php(197): Workerman\Worker->run()
#9 D:\WWW\laykefu\vendor\workerman\workerman\Worker.php(1417): GatewayWorker\BusinessWorker->run()
#10 D:\WWW\laykefu\vendor\workerman\workerman\Worker.php(1360): Workerman\Worker::forkWorkersForWindows()
#11 D:\WWW\laykefu\vendor\workerman\workerman\Worker.php(542): Workerman\Worker::forkWorkers()
#12 D:\WWW\laykefu\vendor\workerman\Config\Events\start_businessworker.php(19): Workerman\Worker::runAll()
#13 {main}
2021-08-24 14:55:07 pid:1 Worker process terminated
2021-08-24 14:55:20 pid:1 PDOException: SQL:DELETE FROM `ws_service_log` WHERE user_id AND kf_id AND group_id AND end_time SQLSTATE[22007]: Invalid datetime format: 1292 Truncated incorrect DOUBLE value: 'cuibin' in D:\WWW\laykefu\vendor\workerman\gateway-worker\src\Lib\DbConnection.php:1766
Stack trace:
#0 D:\WWW\laykefu\vendor\workerman\gateway-worker\src\Lib\DbConnection.php(1824): GatewayWorker\Lib\DbConnection->execute()
#1 D:\WWW\laykefu\vendor\workerman\Config\Events\Events.php(693): GatewayWorker\Lib\DbConnection->query()
#2 D:\WWW\laykefu\vendor\workerman\Config\Events\Events.php(222): Events::userOnlineTask()
#3 [internal function]: Events::onMessage()
#4 D:\WWW\laykefu\vendor\workerman\gateway-worker\src\BusinessWorker.php(408): call_user_func()
#5 D:\WWW\laykefu\vendor\workerman\workerman\Connection\TcpConnection.php(637): GatewayWorker\BusinessWorker->onGatewayMessage()
#6 D:\WWW\laykefu\vendor\workerman\workerman\Events\Select.php(293): Workerman\Connection\TcpConnection->baseRead()
#7 D:\WWW\laykefu\vendor\workerman\workerman\Worker.php(2430): Workerman\Events\Select->loop()
#8 D:\WWW\laykefu\vendor\workerman\gateway-worker\src\BusinessWorker.php(197): Workerman\Worker->run()
#9 D:\WWW\laykefu\vendor\workerman\workerman\Worker.php(1417): GatewayWorker\BusinessWorker->run()
#10 D:\WWW\laykefu\vendor\workerman\workerman\Worker.php(1360): Workerman\Worker::forkWorkersForWindows()
#11 D:\WWW\laykefu\vendor\workerman\workerman\Worker.php(542): Workerman\Worker::forkWorkers()
#12 D:\WWW\laykefu\vendor\workerman\Config\Events\start_businessworker.php(19): Workerman\Worker::runAll()
#13 {main}
2021-08-24 14:55:20 pid:1 Worker process terminated
2021-08-24 14:55:50 pid:1 PDOException: SQL:DELETE FROM `ws_service_log` WHERE user_id AND kf_id AND group_id AND end_time SQLSTATE[22007]: Invalid datetime format: 1292 Truncated incorrect DOUBLE value: 'cuibin' in D:\WWW\laykefu\vendor\workerman\gateway-worker\src\Lib\DbConnection.php:1766
Stack trace:
#0 D:\WWW\laykefu\vendor\workerman\gateway-worker\src\Lib\DbConnection.php(1824): GatewayWorker\Lib\DbConnection->execute()
#1 D:\WWW\laykefu\vendor\workerman\Config\Events\Events.php(693): GatewayWorker\Lib\DbConnection->query()
#2 D:\WWW\laykefu\vendor\workerman\Config\Events\Events.php(222): Events::userOnlineTask()
#3 [internal function]: Events::onMessage()
#4 D:\WWW\laykefu\vendor\workerman\gateway-worker\src\BusinessWorker.php(408): call_user_func()
#5 D:\WWW\laykefu\vendor\workerman\workerman\Connection\TcpConnection.php(637): GatewayWorker\BusinessWorker->onGatewayMessage()
#6 D:\WWW\laykefu\vendor\workerman\workerman\Events\Select.php(293): Workerman\Connection\TcpConnection->baseRead()
#7 D:\WWW\laykefu\vendor\workerman\workerman\Worker.php(2430): Workerman\Events\Select->loop()
#8 D:\WWW\laykefu\vendor\workerman\gateway-worker\src\BusinessWorker.php(197): Workerman\Worker->run()
#9 D:\WWW\laykefu\vendor\workerman\workerman\Worker.php(1417): GatewayWorker\BusinessWorker->run()
#10 D:\WWW\laykefu\vendor\workerman\workerman\Worker.php(1360): Workerman\Worker::forkWorkersForWindows()
#11 D:\WWW\laykefu\vendor\workerman\workerman\Worker.php(542): Workerman\Worker::forkWorkers()
#12 D:\WWW\laykefu\vendor\workerman\Config\Events\start_businessworker.php(19): Workerman\Worker::runAll()
#13 {main}
2021-08-24 14:55:50 pid:1 Worker process terminated
2021-08-24 14:56:04 pid:1 PDOException: SQL:DELETE FROM `ws_service_log` WHERE user_id AND kf_id AND group_id AND end_time SQLSTATE[22007]: Invalid datetime format: 1292 Truncated incorrect DOUBLE value: 'cuibin' in D:\WWW\laykefu\vendor\workerman\gateway-worker\src\Lib\DbConnection.php:1766
Stack trace:
#0 D:\WWW\laykefu\vendor\workerman\gateway-worker\src\Lib\DbConnection.php(1824): GatewayWorker\Lib\DbConnection->execute()
#1 D:\WWW\laykefu\vendor\workerman\Config\Events\Events.php(693): GatewayWorker\Lib\DbConnection->query()
#2 D:\WWW\laykefu\vendor\workerman\Config\Events\Events.php(222): Events::userOnlineTask()
#3 [internal function]: Events::onMessage()
#4 D:\WWW\laykefu\vendor\workerman\gateway-worker\src\BusinessWorker.php(408): call_user_func()
#5 D:\WWW\laykefu\vendor\workerman\workerman\Connection\TcpConnection.php(637): GatewayWorker\BusinessWorker->onGatewayMessage()
#6 D:\WWW\laykefu\vendor\workerman\workerman\Events\Select.php(293): Workerman\Connection\TcpConnection->baseRead()
#7 D:\WWW\laykefu\vendor\workerman\workerman\Worker.php(2430): Workerman\Events\Select->loop()
#8 D:\WWW\laykefu\vendor\workerman\gateway-worker\src\BusinessWorker.php(197): Workerman\Worker->run()
#9 D:\WWW\laykefu\vendor\workerman\workerman\Worker.php(1417): GatewayWorker\BusinessWorker->run()
#10 D:\WWW\laykefu\vendor\workerman\workerman\Worker.php(1360): Workerman\Worker::forkWorkersForWindows()
#11 D:\WWW\laykefu\vendor\workerman\workerman\Worker.php(542): Workerman\Worker::forkWorkers()
#12 D:\WWW\laykefu\vendor\workerman\Config\Events\start_businessworker.php(19): Workerman\Worker::runAll()
#13 {main}
2021-08-24 14:56:04 pid:1 Worker process terminated
2021-08-24 14:57:19 pid:1 PDOException: SQL:DELETE FROM `ws_service_log` WHERE user_id AND kf_id AND group_id AND end_time SQLSTATE[22007]: Invalid datetime format: 1292 Truncated incorrect DOUBLE value: 'cuibin' in D:\WWW\laykefu\vendor\workerman\gateway-worker\src\Lib\DbConnection.php:1766
Stack trace:
#0 D:\WWW\laykefu\vendor\workerman\gateway-worker\src\Lib\DbConnection.php(1824): GatewayWorker\Lib\DbConnection->execute()
#1 D:\WWW\laykefu\vendor\workerman\Config\Events\Events.php(693): GatewayWorker\Lib\DbConnection->query()
#2 D:\WWW\laykefu\vendor\workerman\Config\Events\Events.php(222): Events::userOnlineTask()
#3 [internal function]: Events::onMessage()
#4 D:\WWW\laykefu\vendor\workerman\gateway-worker\src\BusinessWorker.php(408): call_user_func()
#5 D:\WWW\laykefu\vendor\workerman\workerman\Connection\TcpConnection.php(637): GatewayWorker\BusinessWorker->onGatewayMessage()
#6 D:\WWW\laykefu\vendor\workerman\workerman\Events\Select.php(293): Workerman\Connection\TcpConnection->baseRead()
#7 D:\WWW\laykefu\vendor\workerman\workerman\Worker.php(2430): Workerman\Events\Select->loop()
#8 D:\WWW\laykefu\vendor\workerman\gateway-worker\src\BusinessWorker.php(197): Workerman\Worker->run()
#9 D:\WWW\laykefu\vendor\workerman\workerman\Worker.php(1417): GatewayWorker\BusinessWorker->run()
#10 D:\WWW\laykefu\vendor\workerman\workerman\Worker.php(1360): Workerman\Worker::forkWorkersForWindows()
#11 D:\WWW\laykefu\vendor\workerman\workerman\Worker.php(542): Workerman\Worker::forkWorkers()
#12 D:\WWW\laykefu\vendor\workerman\Config\Events\start_businessworker.php(19): Workerman\Worker::runAll()
#13 {main}
2021-08-24 14:57:19 pid:1 Worker process terminated
2021-08-24 15:05:44 pid:1 PDOException: SQL:DELETE FROM `ws_service_log` WHERE user_id AND kf_id AND group_id AND end_time SQLSTATE[22007]: Invalid datetime format: 1292 Truncated incorrect DOUBLE value: 'cuibin' in D:\WWW\laykefu\vendor\workerman\gateway-worker\src\Lib\DbConnection.php:1766
Stack trace:
#0 D:\WWW\laykefu\vendor\workerman\gateway-worker\src\Lib\DbConnection.php(1824): GatewayWorker\Lib\DbConnection->execute()
#1 D:\WWW\laykefu\vendor\workerman\Config\Events\Events.php(693): GatewayWorker\Lib\DbConnection->query()
#2 D:\WWW\laykefu\vendor\workerman\Config\Events\Events.php(222): Events::userOnlineTask()
#3 [internal function]: Events::onMessage()
#4 D:\WWW\laykefu\vendor\workerman\gateway-worker\src\BusinessWorker.php(408): call_user_func()
#5 D:\WWW\laykefu\vendor\workerman\workerman\Connection\TcpConnection.php(637): GatewayWorker\BusinessWorker->onGatewayMessage()
#6 D:\WWW\laykefu\vendor\workerman\workerman\Events\Select.php(293): Workerman\Connection\TcpConnection->baseRead()
#7 D:\WWW\laykefu\vendor\workerman\workerman\Worker.php(2430): Workerman\Events\Select->loop()
#8 D:\WWW\laykefu\vendor\workerman\gateway-worker\src\BusinessWorker.php(197): Workerman\Worker->run()
#9 D:\WWW\laykefu\vendor\workerman\workerman\Worker.php(1417): GatewayWorker\BusinessWorker->run()
#10 D:\WWW\laykefu\vendor\workerman\workerman\Worker.php(1360): Workerman\Worker::forkWorkersForWindows()
#11 D:\WWW\laykefu\vendor\workerman\workerman\Worker.php(542): Workerman\Worker::forkWorkers()
#12 D:\WWW\laykefu\vendor\workerman\Config\Events\start_businessworker.php(19): Workerman\Worker::runAll()
#13 {main}
2021-08-24 15:05:44 pid:1 Worker process terminated
2021-08-24 15:07:09 pid:1 PDOException: SQL:DELETE FROM `ws_service_log` WHERE user_id AND kf_id AND group_id AND end_time SQLSTATE[22007]: Invalid datetime format: 1292 Truncated incorrect DOUBLE value: 'cuibin' in D:\WWW\laykefu\vendor\workerman\gateway-worker\src\Lib\DbConnection.php:1766
Stack trace:
#0 D:\WWW\laykefu\vendor\workerman\gateway-worker\src\Lib\DbConnection.php(1824): GatewayWorker\Lib\DbConnection->execute()
#1 D:\WWW\laykefu\vendor\workerman\Config\Events\Events.php(736): GatewayWorker\Lib\DbConnection->query()
#2 D:\WWW\laykefu\vendor\workerman\Config\Events\Events.php(235): Events::userOnlineTask()
#3 [internal function]: Events::onMessage()
#4 D:\WWW\laykefu\vendor\workerman\gateway-worker\src\BusinessWorker.php(408): call_user_func()
#5 D:\WWW\laykefu\vendor\workerman\workerman\Connection\TcpConnection.php(637): GatewayWorker\BusinessWorker->onGatewayMessage()
#6 D:\WWW\laykefu\vendor\workerman\workerman\Events\Select.php(293): Workerman\Connection\TcpConnection->baseRead()
#7 D:\WWW\laykefu\vendor\workerman\workerman\Worker.php(2430): Workerman\Events\Select->loop()
#8 D:\WWW\laykefu\vendor\workerman\gateway-worker\src\BusinessWorker.php(197): Workerman\Worker->run()
#9 D:\WWW\laykefu\vendor\workerman\workerman\Worker.php(1417): GatewayWorker\BusinessWorker->run()
#10 D:\WWW\laykefu\vendor\workerman\workerman\Worker.php(1360): Workerman\Worker::forkWorkersForWindows()
#11 D:\WWW\laykefu\vendor\workerman\workerman\Worker.php(542): Workerman\Worker::forkWorkers()
#12 D:\WWW\laykefu\vendor\workerman\Config\Events\start_businessworker.php(19): Workerman\Worker::runAll()
#13 {main}
2021-08-24 15:07:09 pid:1 Worker process terminated
2021-08-24 15:07:42 pid:1 PDOException: SQL:DELETE FROM `ws_service_log` WHERE user_id AND kf_id AND group_id AND end_time SQLSTATE[22007]: Invalid datetime format: 1292 Truncated incorrect DOUBLE value: 'cuibin' in D:\WWW\laykefu\vendor\workerman\gateway-worker\src\Lib\DbConnection.php:1766
Stack trace:
#0 D:\WWW\laykefu\vendor\workerman\gateway-worker\src\Lib\DbConnection.php(1824): GatewayWorker\Lib\DbConnection->execute()
#1 D:\WWW\laykefu\vendor\workerman\Config\Events\Events.php(736): GatewayWorker\Lib\DbConnection->query()
#2 D:\WWW\laykefu\vendor\workerman\Config\Events\Events.php(235): Events::userOnlineTask()
#3 [internal function]: Events::onMessage()
#4 D:\WWW\laykefu\vendor\workerman\gateway-worker\src\BusinessWorker.php(408): call_user_func()
#5 D:\WWW\laykefu\vendor\workerman\workerman\Connection\TcpConnection.php(637): GatewayWorker\BusinessWorker->onGatewayMessage()
#6 D:\WWW\laykefu\vendor\workerman\workerman\Events\Select.php(293): Workerman\Connection\TcpConnection->baseRead()
#7 D:\WWW\laykefu\vendor\workerman\workerman\Worker.php(2430): Workerman\Events\Select->loop()
#8 D:\WWW\laykefu\vendor\workerman\gateway-worker\src\BusinessWorker.php(197): Workerman\Worker->run()
#9 D:\WWW\laykefu\vendor\workerman\workerman\Worker.php(1417): GatewayWorker\BusinessWorker->run()
#10 D:\WWW\laykefu\vendor\workerman\workerman\Worker.php(1360): Workerman\Worker::forkWorkersForWindows()
#11 D:\WWW\laykefu\vendor\workerman\workerman\Worker.php(542): Workerman\Worker::forkWorkers()
#12 D:\WWW\laykefu\vendor\workerman\Config\Events\start_businessworker.php(19): Workerman\Worker::runAll()
#13 {main}
2021-08-24 15:07:42 pid:1 Worker process terminated
2021-08-24 15:11:36 pid:1 PDOException: SQL:DELETE FROM `ws_service_log` WHERE user_id AND kf_id AND group_id AND end_time SQLSTATE[22007]: Invalid datetime format: 1292 Truncated incorrect DOUBLE value: 'cuibin' in D:\WWW\laykefu\vendor\workerman\gateway-worker\src\Lib\DbConnection.php:1766
Stack trace:
#0 D:\WWW\laykefu\vendor\workerman\gateway-worker\src\Lib\DbConnection.php(1824): GatewayWorker\Lib\DbConnection->execute()
#1 D:\WWW\laykefu\vendor\workerman\Config\Events\Events.php(736): GatewayWorker\Lib\DbConnection->query()
#2 D:\WWW\laykefu\vendor\workerman\Config\Events\Events.php(235): Events::userOnlineTask()
#3 [internal function]: Events::onMessage()
#4 D:\WWW\laykefu\vendor\workerman\gateway-worker\src\BusinessWorker.php(408): call_user_func()
#5 D:\WWW\laykefu\vendor\workerman\workerman\Connection\TcpConnection.php(637): GatewayWorker\BusinessWorker->onGatewayMessage()
#6 D:\WWW\laykefu\vendor\workerman\workerman\Events\Select.php(293): Workerman\Connection\TcpConnection->baseRead()
#7 D:\WWW\laykefu\vendor\workerman\workerman\Worker.php(2430): Workerman\Events\Select->loop()
#8 D:\WWW\laykefu\vendor\workerman\gateway-worker\src\BusinessWorker.php(197): Workerman\Worker->run()
#9 D:\WWW\laykefu\vendor\workerman\workerman\Worker.php(1417): GatewayWorker\BusinessWorker->run()
#10 D:\WWW\laykefu\vendor\workerman\workerman\Worker.php(1360): Workerman\Worker::forkWorkersForWindows()
#11 D:\WWW\laykefu\vendor\workerman\workerman\Worker.php(542): Workerman\Worker::forkWorkers()
#12 D:\WWW\laykefu\vendor\workerman\Config\Events\start_businessworker.php(19): Workerman\Worker::runAll()
#13 {main}
2021-08-24 15:11:36 pid:1 Worker process terminated
2021-08-24 15:16:54 pid:1 PDOException: SQL:DELETE FROM `ws_service_log` WHERE user_id AND kf_id AND group_id AND end_time SQLSTATE[22007]: Invalid datetime format: 1292 Truncated incorrect DOUBLE value: 'cuibin' in D:\WWW\laykefu\vendor\workerman\gateway-worker\src\Lib\DbConnection.php:1766
Stack trace:
#0 D:\WWW\laykefu\vendor\workerman\gateway-worker\src\Lib\DbConnection.php(1824): GatewayWorker\Lib\DbConnection->execute()
#1 D:\WWW\laykefu\vendor\workerman\Config\Events\Events.php(736): GatewayWorker\Lib\DbConnection->query()
#2 D:\WWW\laykefu\vendor\workerman\Config\Events\Events.php(235): Events::userOnlineTask()
#3 [internal function]: Events::onMessage()
#4 D:\WWW\laykefu\vendor\workerman\gateway-worker\src\BusinessWorker.php(408): call_user_func()
#5 D:\WWW\laykefu\vendor\workerman\workerman\Connection\TcpConnection.php(637): GatewayWorker\BusinessWorker->onGatewayMessage()
#6 D:\WWW\laykefu\vendor\workerman\workerman\Events\Select.php(293): Workerman\Connection\TcpConnection->baseRead()
#7 D:\WWW\laykefu\vendor\workerman\workerman\Worker.php(2430): Workerman\Events\Select->loop()
#8 D:\WWW\laykefu\vendor\workerman\gateway-worker\src\BusinessWorker.php(197): Workerman\Worker->run()
#9 D:\WWW\laykefu\vendor\workerman\workerman\Worker.php(1417): GatewayWorker\BusinessWorker->run()
#10 D:\WWW\laykefu\vendor\workerman\workerman\Worker.php(1360): Workerman\Worker::forkWorkersForWindows()
#11 D:\WWW\laykefu\vendor\workerman\workerman\Worker.php(542): Workerman\Worker::forkWorkers()
#12 D:\WWW\laykefu\vendor\workerman\Config\Events\start_businessworker.php(19): Workerman\Worker::runAll()
#13 {main}
2021-08-24 15:16:54 pid:1 Worker process terminated
2021-08-24 15:20:14 pid:1 PDOException: SQL:DELETE FROM `ws_service_log` WHERE user_id AND kf_id AND group_id AND end_time SQLSTATE[22007]: Invalid datetime format: 1292 Truncated incorrect DOUBLE value: 'cuibin' in D:\WWW\laykefu\vendor\workerman\gateway-worker\src\Lib\DbConnection.php:1766
Stack trace:
#0 D:\WWW\laykefu\vendor\workerman\gateway-worker\src\Lib\DbConnection.php(1824): GatewayWorker\Lib\DbConnection->execute()
#1 D:\WWW\laykefu\vendor\workerman\Config\Events\Events.php(736): GatewayWorker\Lib\DbConnection->query()
#2 D:\WWW\laykefu\vendor\workerman\Config\Events\Events.php(235): Events::userOnlineTask()
#3 [internal function]: Events::onMessage()
#4 D:\WWW\laykefu\vendor\workerman\gateway-worker\src\BusinessWorker.php(408): call_user_func()
#5 D:\WWW\laykefu\vendor\workerman\workerman\Connection\TcpConnection.php(637): GatewayWorker\BusinessWorker->onGatewayMessage()
#6 D:\WWW\laykefu\vendor\workerman\workerman\Events\Select.php(293): Workerman\Connection\TcpConnection->baseRead()
#7 D:\WWW\laykefu\vendor\workerman\workerman\Worker.php(2430): Workerman\Events\Select->loop()
#8 D:\WWW\laykefu\vendor\workerman\gateway-worker\src\BusinessWorker.php(197): Workerman\Worker->run()
#9 D:\WWW\laykefu\vendor\workerman\workerman\Worker.php(1417): GatewayWorker\BusinessWorker->run()
#10 D:\WWW\laykefu\vendor\workerman\workerman\Worker.php(1360): Workerman\Worker::forkWorkersForWindows()
#11 D:\WWW\laykefu\vendor\workerman\workerman\Worker.php(542): Workerman\Worker::forkWorkers()
#12 D:\WWW\laykefu\vendor\workerman\Config\Events\start_businessworker.php(19): Workerman\Worker::runAll()
#13 {main}
2021-08-24 15:20:14 pid:1 Worker process terminated
2021-08-24 15:25:59 pid:1 PDOException: SQL:DELETE FROM `ws_service_log` WHERE user_id AND kf_id AND group_id AND end_time SQLSTATE[22007]: Invalid datetime format: 1292 Truncated incorrect DOUBLE value: 'cuibin' in D:\WWW\laykefu\vendor\workerman\gateway-worker\src\Lib\DbConnection.php:1766
Stack trace:
#0 D:\WWW\laykefu\vendor\workerman\gateway-worker\src\Lib\DbConnection.php(1824): GatewayWorker\Lib\DbConnection->execute()
#1 D:\WWW\laykefu\vendor\workerman\Config\Events\Events.php(736): GatewayWorker\Lib\DbConnection->query()
#2 D:\WWW\laykefu\vendor\workerman\Config\Events\Events.php(235): Events::userOnlineTask()
#3 [internal function]: Events::onMessage()
#4 D:\WWW\laykefu\vendor\workerman\gateway-worker\src\BusinessWorker.php(408): call_user_func()
#5 D:\WWW\laykefu\vendor\workerman\workerman\Connection\TcpConnection.php(637): GatewayWorker\BusinessWorker->onGatewayMessage()
#6 D:\WWW\laykefu\vendor\workerman\workerman\Events\Select.php(293): Workerman\Connection\TcpConnection->baseRead()
#7 D:\WWW\laykefu\vendor\workerman\workerman\Worker.php(2430): Workerman\Events\Select->loop()
#8 D:\WWW\laykefu\vendor\workerman\gateway-worker\src\BusinessWorker.php(197): Workerman\Worker->run()
#9 D:\WWW\laykefu\vendor\workerman\workerman\Worker.php(1417): GatewayWorker\BusinessWorker->run()
#10 D:\WWW\laykefu\vendor\workerman\workerman\Worker.php(1360): Workerman\Worker::forkWorkersForWindows()
#11 D:\WWW\laykefu\vendor\workerman\workerman\Worker.php(542): Workerman\Worker::forkWorkers()
#12 D:\WWW\laykefu\vendor\workerman\Config\Events\start_businessworker.php(19): Workerman\Worker::runAll()
#13 {main}
2021-08-24 15:25:59 pid:1 Worker process terminated
2021-08-24 15:28:21 pid:1 PDOException: SQL:DELETE FROM `ws_service_log` WHERE user_id AND kf_id AND group_id AND end_time SQLSTATE[22007]: Invalid datetime format: 1292 Truncated incorrect DOUBLE value: 'cuibin' in D:\WWW\laykefu\vendor\workerman\gateway-worker\src\Lib\DbConnection.php:1766
Stack trace:
#0 D:\WWW\laykefu\vendor\workerman\gateway-worker\src\Lib\DbConnection.php(1824): GatewayWorker\Lib\DbConnection->execute()
#1 D:\WWW\laykefu\vendor\workerman\Config\Events\Events.php(736): GatewayWorker\Lib\DbConnection->query()
#2 D:\WWW\laykefu\vendor\workerman\Config\Events\Events.php(235): Events::userOnlineTask()
#3 [internal function]: Events::onMessage()
#4 D:\WWW\laykefu\vendor\workerman\gateway-worker\src\BusinessWorker.php(408): call_user_func()
#5 D:\WWW\laykefu\vendor\workerman\workerman\Connection\TcpConnection.php(637): GatewayWorker\BusinessWorker->onGatewayMessage()
#6 D:\WWW\laykefu\vendor\workerman\workerman\Events\Select.php(293): Workerman\Connection\TcpConnection->baseRead()
#7 D:\WWW\laykefu\vendor\workerman\workerman\Worker.php(2430): Workerman\Events\Select->loop()
#8 D:\WWW\laykefu\vendor\workerman\gateway-worker\src\BusinessWorker.php(197): Workerman\Worker->run()
#9 D:\WWW\laykefu\vendor\workerman\workerman\Worker.php(1417): GatewayWorker\BusinessWorker->run()
#10 D:\WWW\laykefu\vendor\workerman\workerman\Worker.php(1360): Workerman\Worker::forkWorkersForWindows()
#11 D:\WWW\laykefu\vendor\workerman\workerman\Worker.php(542): Workerman\Worker::forkWorkers()
#12 D:\WWW\laykefu\vendor\workerman\Config\Events\start_businessworker.php(19): Workerman\Worker::runAll()
#13 {main}
2021-08-24 15:28:21 pid:1 Worker process terminated
2021-08-24 15:34:57 pid:1 PDOException: SQL:DELETE FROM `ws_service_log` WHERE user_id AND kf_id AND group_id AND end_time SQLSTATE[22007]: Invalid datetime format: 1292 Truncated incorrect DOUBLE value: 'cuibin' in D:\WWW\laykefu\vendor\workerman\gateway-worker\src\Lib\DbConnection.php:1766
Stack trace:
#0 D:\WWW\laykefu\vendor\workerman\gateway-worker\src\Lib\DbConnection.php(1824): GatewayWorker\Lib\DbConnection->execute()
#1 D:\WWW\laykefu\vendor\workerman\Config\Events\Events.php(736): GatewayWorker\Lib\DbConnection->query()
#2 D:\WWW\laykefu\vendor\workerman\Config\Events\Events.php(235): Events::userOnlineTask()
#3 [internal function]: Events::onMessage()
#4 D:\WWW\laykefu\vendor\workerman\gateway-worker\src\BusinessWorker.php(408): call_user_func()
#5 D:\WWW\laykefu\vendor\workerman\workerman\Connection\TcpConnection.php(637): GatewayWorker\BusinessWorker->onGatewayMessage()
#6 D:\WWW\laykefu\vendor\workerman\workerman\Events\Select.php(293): Workerman\Connection\TcpConnection->baseRead()
#7 D:\WWW\laykefu\vendor\workerman\workerman\Worker.php(2430): Workerman\Events\Select->loop()
#8 D:\WWW\laykefu\vendor\workerman\gateway-worker\src\BusinessWorker.php(197): Workerman\Worker->run()
#9 D:\WWW\laykefu\vendor\workerman\workerman\Worker.php(1417): GatewayWorker\BusinessWorker->run()
#10 D:\WWW\laykefu\vendor\workerman\workerman\Worker.php(1360): Workerman\Worker::forkWorkersForWindows()
#11 D:\WWW\laykefu\vendor\workerman\workerman\Worker.php(542): Workerman\Worker::forkWorkers()
#12 D:\WWW\laykefu\vendor\workerman\Config\Events\start_businessworker.php(19): Workerman\Worker::runAll()
#13 {main}
2021-08-24 15:34:57 pid:1 Worker process terminated
2021-08-24 15:51:04 pid:1 PDOException: SQL:DELETE FROM `ws_service_log` WHERE user_id AND kf_id AND group_id SQLSTATE[22007]: Invalid datetime format: 1292 Truncated incorrect DOUBLE value: 'cuibin' in D:\WWW\laykefu\vendor\workerman\gateway-worker\src\Lib\DbConnection.php:1766
Stack trace:
#0 D:\WWW\laykefu\vendor\workerman\gateway-worker\src\Lib\DbConnection.php(1824): GatewayWorker\Lib\DbConnection->execute()
#1 D:\WWW\laykefu\vendor\workerman\Config\Events\Events.php(736): GatewayWorker\Lib\DbConnection->query()
#2 D:\WWW\laykefu\vendor\workerman\Config\Events\Events.php(235): Events::userOnlineTask()
#3 [internal function]: Events::onMessage()
#4 D:\WWW\laykefu\vendor\workerman\gateway-worker\src\BusinessWorker.php(408): call_user_func()
#5 D:\WWW\laykefu\vendor\workerman\workerman\Connection\TcpConnection.php(637): GatewayWorker\BusinessWorker->onGatewayMessage()
#6 D:\WWW\laykefu\vendor\workerman\workerman\Events\Select.php(293): Workerman\Connection\TcpConnection->baseRead()
#7 D:\WWW\laykefu\vendor\workerman\workerman\Worker.php(2430): Workerman\Events\Select->loop()
#8 D:\WWW\laykefu\vendor\workerman\gateway-worker\src\BusinessWorker.php(197): Workerman\Worker->run()
#9 D:\WWW\laykefu\vendor\workerman\workerman\Worker.php(1417): GatewayWorker\BusinessWorker->run()
#10 D:\WWW\laykefu\vendor\workerman\workerman\Worker.php(1360): Workerman\Worker::forkWorkersForWindows()
#11 D:\WWW\laykefu\vendor\workerman\workerman\Worker.php(542): Workerman\Worker::forkWorkers()
#12 D:\WWW\laykefu\vendor\workerman\Config\Events\start_businessworker.php(19): Workerman\Worker::runAll()
#13 {main}
2021-08-24 15:51:04 pid:1 Worker process terminated
2021-08-24 15:52:51 pid:1 PDOException: SQL:DELETE FROM `ws_service_log` WHERE user_id AND kf_id AND group_id SQLSTATE[22007]: Invalid datetime format: 1292 Truncated incorrect DOUBLE value: 'cuibin' in D:\WWW\laykefu\vendor\workerman\gateway-worker\src\Lib\DbConnection.php:1767
Stack trace:
#0 D:\WWW\laykefu\vendor\workerman\gateway-worker\src\Lib\DbConnection.php(1825): GatewayWorker\Lib\DbConnection->execute()
#1 D:\WWW\laykefu\vendor\workerman\Config\Events\Events.php(736): GatewayWorker\Lib\DbConnection->query()
#2 D:\WWW\laykefu\vendor\workerman\Config\Events\Events.php(235): Events::userOnlineTask()
#3 [internal function]: Events::onMessage()
#4 D:\WWW\laykefu\vendor\workerman\gateway-worker\src\BusinessWorker.php(408): call_user_func()
#5 D:\WWW\laykefu\vendor\workerman\workerman\Connection\TcpConnection.php(637): GatewayWorker\BusinessWorker->onGatewayMessage()
#6 D:\WWW\laykefu\vendor\workerman\workerman\Events\Select.php(293): Workerman\Connection\TcpConnection->baseRead()
#7 D:\WWW\laykefu\vendor\workerman\workerman\Worker.php(2430): Workerman\Events\Select->loop()
#8 D:\WWW\laykefu\vendor\workerman\gateway-worker\src\BusinessWorker.php(197): Workerman\Worker->run()
#9 D:\WWW\laykefu\vendor\workerman\workerman\Worker.php(1417): GatewayWorker\BusinessWorker->run()
#10 D:\WWW\laykefu\vendor\workerman\workerman\Worker.php(1360): Workerman\Worker::forkWorkersForWindows()
#11 D:\WWW\laykefu\vendor\workerman\workerman\Worker.php(542): Workerman\Worker::forkWorkers()
#12 D:\WWW\laykefu\vendor\workerman\Config\Events\start_businessworker.php(19): Workerman\Worker::runAll()
#13 {main}
2021-08-24 15:52:51 pid:1 Worker process terminated
2021-08-24 15:57:27 pid:1 PDOException: SQL:DELETE FROM `ws_service_log` WHERE kf_id AND group_id AND end_time AND user_id SQLSTATE[22007]: Invalid datetime format: 1292 Truncated incorrect DOUBLE value: 'cuibin' in D:\WWW\laykefu\vendor\workerman\gateway-worker\src\Lib\DbConnection.php:1767
Stack trace:
#0 D:\WWW\laykefu\vendor\workerman\gateway-worker\src\Lib\DbConnection.php(1825): GatewayWorker\Lib\DbConnection->execute()
#1 D:\WWW\laykefu\vendor\workerman\Config\Events\Events.php(736): GatewayWorker\Lib\DbConnection->query()
#2 D:\WWW\laykefu\vendor\workerman\Config\Events\Events.php(235): Events::userOnlineTask()
#3 [internal function]: Events::onMessage()
#4 D:\WWW\laykefu\vendor\workerman\gateway-worker\src\BusinessWorker.php(408): call_user_func()
#5 D:\WWW\laykefu\vendor\workerman\workerman\Connection\TcpConnection.php(637): GatewayWorker\BusinessWorker->onGatewayMessage()
#6 D:\WWW\laykefu\vendor\workerman\workerman\Events\Select.php(293): Workerman\Connection\TcpConnection->baseRead()
#7 D:\WWW\laykefu\vendor\workerman\workerman\Worker.php(2430): Workerman\Events\Select->loop()
#8 D:\WWW\laykefu\vendor\workerman\gateway-worker\src\BusinessWorker.php(197): Workerman\Worker->run()
#9 D:\WWW\laykefu\vendor\workerman\workerman\Worker.php(1417): GatewayWorker\BusinessWorker->run()
#10 D:\WWW\laykefu\vendor\workerman\workerman\Worker.php(1360): Workerman\Worker::forkWorkersForWindows()
#11 D:\WWW\laykefu\vendor\workerman\workerman\Worker.php(542): Workerman\Worker::forkWorkers()
#12 D:\WWW\laykefu\vendor\workerman\Config\Events\start_businessworker.php(19): Workerman\Worker::runAll()
#13 {main}
2021-08-24 15:57:27 pid:1 Worker process terminated
2021-08-25 08:06:44 pid:1 Worker process terminated with ERROR: E_ERROR "Uncaught PDOException: SQL:INSERT INTO `ws_service_data` ( `is_talking`,`in_queue`,`online_kf`,`success_in`,`total_in`,`add_date`,`add_hour`,`add_minute`) VALUES ( :is_talking,:in_queue,:online_kf,:success_in,:total_in,:add_date,:add_hour,:add_minute) SQLSTATE[HY000]: General error: 1366 Incorrect integer value: '' for column 'success_in' at row 1 in D:\WWW\laykefu\vendor\workerman\gateway-worker\src\Lib\DbConnection.php:1766
Stack trace:
#0 D:\WWW\laykefu\vendor\workerman\gateway-worker\src\Lib\DbConnection.php(1824): GatewayWorker\Lib\DbConnection->execute()
#1 D:\WWW\laykefu\vendor\workerman\Config\Events\Events.php(922): GatewayWorker\Lib\DbConnection->query()
#2 D:\WWW\laykefu\vendor\workerman\Config\Events\Events.php(102): Events::writeLog()
#3 D:\WWW\laykefu\vendor\workerman\workerman\Events\Select.php(232): Events::{closure}()
#4 D:\WWW\laykefu\vendor\workerman\workerman\Events\Select.php(281): Workerman\Events\Select->tick()
#5 D:\WWW\laykefu\vendor\workerman\workerman\Worker.php(2430): Workerman\Eve in D:\WWW\laykefu\vendor\workerman\gateway-worker\src\Lib\DbConnection.php on line 1766"
